high-conversion-website
mobile-app-ui
brand-identity-system
landing-page-design
design-system-components
business-growth-diagnostic
startup-validation-toolkit
operations-analyzer
cost-reduction-dashboard
service-business-scaler
offer-design-tool
executive-dashboard
revenue-forecasting
customer-behavior-dashboard
funnel-analytics-platform
data-cleanup-pipeline
kpi-architecture
short-form-content-engine
youtube-retention-tool
ad-creative-production
podcast-repurpose-workflow
ai-video-production-pipeline
founder-brand-content
executive-assistant-os
crm-cleanup-automation
remote-ops-management
lead-generation-ops
sop-documentation-system
content-operations-pipeline
